This file contains any messages produced by compilers while
running configure, to aid debugging if configure makes a mistake.

It was created by fuse configure 2.5.3, which was
generated by GNU Autoconf 2.59.  Invocation command line was

  $ ./configure 

## --------- ##
## Platform. ##
## --------- ##

hostname = localhost.localdomain
uname -m = i686
uname -r = 2.6.15.7-0.2.x86.i686.cmov
uname -s = Linux
uname -v = #1 Wed Apr 19 16:05:24 EDT 2006

/usr/bin/uname -p = unknown
/bin/uname -X     = unknown

/bin/arch              = i686
/usr/bin/arch -k       = unknown
/usr/convex/getsysinfo = unknown
hostinfo               = unknown
/bin/machine           = unknown
/usr/bin/oslevel       = unknown
/bin/universe          = unknown

PATH: /usr/local/sbin
PATH: /usr/local/bin
PATH: /sbin
PATH: /bin
PATH: /usr/sbin
PATH: /usr/bin
PATH: /usr/X11R6/bin
PATH: /root/bin


## ----------- ##
## Core tests. ##
## ----------- ##

configure:1516: checking build system type
configure:1534: result: i686-pc-linux-gnulibc1
configure:1542: checking host system type
configure:1556: result: i686-pc-linux-gnulibc1
configure:1564: checking target system type
configure:1578: result: i686-pc-linux-gnulibc1
configure:1606: checking for a BSD-compatible install
configure:1661: result: /usr/bin/install -c
configure:1672: checking whether build environment is sane
configure:1715: result: yes
configure:1780: checking for gawk
configure:1796: found /bin/gawk
configure:1806: result: gawk
configure:1816: checking whether make sets $(MAKE)
configure:1836: result: yes
configure:2041: checking for style of include used by make
configure:2069: result: GNU
configure:2140: checking for gcc
configure:2156: found /usr/bin/gcc
configure:2166: result: gcc
configure:2410: checking for C compiler version
configure:2413: gcc --version </dev/null >&5
gcc (GCC) 3.4.4
Copyright (C) 2004 Free Software Foundation, Inc.
This is free software; see the source for copying conditions.  There is NO
warranty; not even for MERCHANTABILITY or FITNESS FOR A PARTICULAR PURPOSE.

configure:2416: $? = 0
configure:2418: gcc -v </dev/null >&5
Reading specs from /usr/lib/gcc/i386-unknown-linux/3.4.4/specs
Configured with: ../configure --prefix=/usr --exec-prefix=/usr --bindir=/usr/bin --sbindir=/usr/sbin --sysconfdir=/etc --datadir=/usr/share --includedir=/usr/include --libdir=/usr/lib --libexecdir=/usr/libexec --localstatedir=/var --sharedstatedir=/usr/com --mandir=/usr/share/man --infodir=/usr/share/info --target=i386-unknown-linux --host=i386-unknown-linux --prefix=/usr --enable-threads=posix --enable-shared --enable-__cxa_atexit --build=i386-unknown-linux --enable-java-awt=gtk --with-system-zlib --disable-libunwind-exceptions
Thread model: posix
gcc version 3.4.4
configure:2421: $? = 0
configure:2423: gcc -V </dev/null >&5
gcc: `-V' option must have argument
configure:2426: $? = 1
configure:2449: checking for C compiler default output file name
configure:2452: gcc    conftest.c  >&5
/usr/bin/ld: cannot find /usr/lib/libc_nonshared.a
collect2: ld returned 1 exit status
configure:2455: $? = 1
configure: failed program was:
| /* confdefs.h.  */
| 
| #define PACKAGE_NAME "fuse"
| #define PACKAGE_TARNAME "fuse"
| #define PACKAGE_VERSION "2.5.3"
| #define PACKAGE_STRING "fuse 2.5.3"
| #define PACKAGE_BUGREPORT ""
| #define PACKAGE "fuse"
| #define VERSION "2.5.3"
| /* end confdefs.h.  */
| 
| int
| main ()
| {
| 
|   ;
|   return 0;
| }
configure:2494: error: C compiler cannot create executables
See `config.log' for more details.

## ---------------- ##
## Cache variables. ##
## ---------------- ##

ac_cv_build=i686-pc-linux-gnulibc1
ac_cv_build_alias=i686-pc-linux-gnulibc1
ac_cv_env_CC_set=
ac_cv_env_CC_value=
ac_cv_env_CFLAGS_set=
ac_cv_env_CFLAGS_value=
ac_cv_env_CPPFLAGS_set=
ac_cv_env_CPPFLAGS_value=
ac_cv_env_CPP_set=
ac_cv_env_CPP_value=
ac_cv_env_LDFLAGS_set=
ac_cv_env_LDFLAGS_value=
ac_cv_env_build_alias_set=
ac_cv_env_build_alias_value=
ac_cv_env_host_alias_set=
ac_cv_env_host_alias_value=
ac_cv_env_target_alias_set=
ac_cv_env_target_alias_value=
ac_cv_host=i686-pc-linux-gnulibc1
ac_cv_host_alias=i686-pc-linux-gnulibc1
ac_cv_path_install='/usr/bin/install -c'
ac_cv_prog_AWK=gawk
ac_cv_prog_ac_ct_CC=gcc
ac_cv_prog_make_make_set=yes
ac_cv_target=i686-pc-linux-gnulibc1
ac_cv_target_alias=i686-pc-linux-gnulibc1

## ----------------- ##
## Output variables. ##
## ----------------- ##

ACLOCAL='${SHELL} /tmp/fuse-2.5.3/missing --run aclocal-1.9'
AMDEPBACKSLASH='\'
AMDEP_FALSE='#'
AMDEP_TRUE=''
AMTAR='${SHELL} /tmp/fuse-2.5.3/missing --run tar'
AR=''
AUTOCONF='${SHELL} /tmp/fuse-2.5.3/missing --run autoconf'
AUTOHEADER='${SHELL} /tmp/fuse-2.5.3/missing --run autoheader'
AUTOMAKE='${SHELL} /tmp/fuse-2.5.3/missing --run automake-1.9'
AWK='gawk'
BSD_FALSE=''
BSD_TRUE=''
CC='gcc'
CCDEPMODE=''
CFLAGS=''
CPP=''
CPPFLAGS=''
CYGPATH_W='echo'
DEFS=''
DEPDIR='.deps'
ECHO='echo'
ECHO_C=''
ECHO_N='-n'
ECHO_T=''
EGREP=''
EXEEXT=''
INSTALL_DATA='${INSTALL} -m 644'
INSTALL_PROGRAM='${INSTALL}'
INSTALL_SCRIPT='${INSTALL}'
INSTALL_STRIP_PROGRAM='${SHELL} $(install_sh) -c -s'
LD=''
LDFLAGS=''
LIBOBJS=''
LIBS=''
LIBTOOL=''
LINUX_FALSE=''
LINUX_TRUE=''
LN_S=''
LTLIBOBJS=''
MAKEINFO='${SHELL} /tmp/fuse-2.5.3/missing --run makeinfo'
MOUNT_FUSE_PATH=''
NM=''
OBJEXT=''
PACKAGE='fuse'
PACKAGE_BUGREPORT=''
PACKAGE_NAME='fuse'
PACKAGE_STRING='fuse 2.5.3'
PACKAGE_TARNAME='fuse'
PACKAGE_VERSION='2.5.3'
PATH_SEPARATOR=':'
RANLIB=''
SED=''
SET_MAKE=''
SHELL='/bin/sh'
STRIP=''
UDEV_RULES_PATH=''
VERSION='2.5.3'
ac_ct_AR=''
ac_ct_CC='gcc'
ac_ct_RANLIB=''
ac_ct_STRIP=''
am__fastdepCC_FALSE=''
am__fastdepCC_TRUE=''
am__include='include'
am__leading_dot='.'
am__quote=''
am__tar='${AMTAR} chof - "$$tardir"'
am__untar='${AMTAR} xf -'
bindir='${exec_prefix}/bin'
build='i686-pc-linux-gnulibc1'
build_alias=''
build_cpu='i686'
build_os='linux-gnulibc1'
build_vendor='pc'
datadir='${prefix}/share'
exec_prefix='NONE'
host='i686-pc-linux-gnulibc1'
host_alias=''
host_cpu='i686'
host_os='linux-gnulibc1'
host_vendor='pc'
includedir='${prefix}/include'
infodir='${prefix}/info'
install_sh='/tmp/fuse-2.5.3/install-sh'
libdir='${exec_prefix}/lib'
libexecdir='${exec_prefix}/libexec'
localstatedir='${prefix}/var'
mandir='${prefix}/man'
mkdir_p='mkdir -p --'
oldincludedir='/usr/include'
pkgconfigdir=''
prefix='NONE'
program_transform_name='s,x,x,'
sbindir='${exec_prefix}/sbin'
sharedstatedir='${prefix}/com'
subdirs2=''
subdirs=''
sysconfdir='${prefix}/etc'
target='i686-pc-linux-gnulibc1'
target_alias=''
target_cpu='i686'
target_os='linux-gnulibc1'
target_vendor='pc'

## ----------- ##
## confdefs.h. ##
## ----------- ##

#define PACKAGE "fuse"
#define PACKAGE_BUGREPORT ""
#define PACKAGE_NAME "fuse"
#define PACKAGE_STRING "fuse 2.5.3"
#define PACKAGE_TARNAME "fuse"
#define PACKAGE_VERSION "2.5.3"
#define VERSION "2.5.3"

configure: exit 77
